<?xml version="1.0" encoding="UTF-8"?>
<testsuite xmlns:xsi="http://www.w3.org/2001/XMLSchema-instance" xsi:noNamespaceSchemaLocation="https://maven.apache.org/surefire/maven-surefire-plugin/xsd/surefire-test-report.xsd" name="com.bofa.hat.AppTest" time="0.062" tests="1" errors="0" skipped="0" failures="0">
  <properties>
    <property name="sun.desktop" value="windows"/>
    <property name="awt.toolkit" value="sun.awt.windows.WToolkit"/>
    <property name="java.specification.version" value="11"/>
    <property name="sun.cpu.isalist" value="amd64"/>
    <property name="sun.jnu.encoding" value="Cp1252"/>
    <property name="java.class.path" value="c:\Users\kulad\Visual Studio Code Projects\flink-kafka-hdfs\target\test-classes;c:\Users\kulad\Visual Studio Code Projects\flink-kafka-hdfs\target\classes;C:\Users\kulad\.m2\repository\junit\junit\4.11\junit-4.11.jar;C:\Users\kulad\.m2\repository\org\hamcrest\hamcrest-core\1.3\hamcrest-core-1.3.jar;C:\Users\kulad\.m2\repository\org\apache\flink\flink-streaming-java\1.19.2\flink-streaming-java-1.19.2.jar;C:\Users\kulad\.m2\repository\org\apache\flink\flink-core\1.19.2\flink-core-1.19.2.jar;C:\Users\kulad\.m2\repository\org\apache\flink\flink-annotations\1.19.2\flink-annotations-1.19.2.jar;C:\Users\kulad\.m2\repository\org\apache\flink\flink-metrics-core\1.19.2\flink-metrics-core-1.19.2.jar;C:\Users\kulad\.m2\repository\org\apache\flink\flink-shaded-asm-9\9.5-17.0\flink-shaded-asm-9-9.5-17.0.jar;C:\Users\kulad\.m2\repository\org\apache\flink\flink-shaded-jackson\2.14.2-17.0\flink-shaded-jackson-2.14.2-17.0.jar;C:\Users\kulad\.m2\repository\org\apache\commons\commons-lang3\3.12.0\commons-lang3-3.12.0.jar;C:\Users\kulad\.m2\repository\org\snakeyaml\snakeyaml-engine\2.6\snakeyaml-engine-2.6.jar;C:\Users\kulad\.m2\repository\org\apache\commons\commons-text\1.10.0\commons-text-1.10.0.jar;C:\Users\kulad\.m2\repository\com\esotericsoftware\kryo\kryo\2.24.0\kryo-2.24.0.jar;C:\Users\kulad\.m2\repository\com\esotericsoftware\minlog\minlog\1.2\minlog-1.2.jar;C:\Users\kulad\.m2\repository\org\objenesis\objenesis\2.1\objenesis-2.1.jar;C:\Users\kulad\.m2\repository\commons-collections\commons-collections\3.2.2\commons-collections-3.2.2.jar;C:\Users\kulad\.m2\repository\org\apache\commons\commons-compress\1.26.0\commons-compress-1.26.0.jar;C:\Users\kulad\.m2\repository\org\apache\flink\flink-file-sink-common\1.19.2\flink-file-sink-common-1.19.2.jar;C:\Users\kulad\.m2\repository\org\apache\flink\flink-runtime\1.19.2\flink-runtime-1.19.2.jar;C:\Users\kulad\.m2\repository\org\apache\flink\flink-rpc-core\1.19.2\flink-rpc-core-1.19.2.jar;C:\Users\kulad\.m2\repository\org\apache\flink\flink-rpc-akka-loader\1.19.2\flink-rpc-akka-loader-1.19.2.jar;C:\Users\kulad\.m2\repository\org\apache\flink\flink-queryable-state-client-java\1.19.2\flink-queryable-state-client-java-1.19.2.jar;C:\Users\kulad\.m2\repository\commons-io\commons-io\2.15.1\commons-io-2.15.1.jar;C:\Users\kulad\.m2\repository\org\apache\flink\flink-shaded-netty\4.1.91.Final-17.0\flink-shaded-netty-4.1.91.Final-17.0.jar;C:\Users\kulad\.m2\repository\org\apache\flink\flink-shaded-zookeeper-3\3.7.1-17.0\flink-shaded-zookeeper-3-3.7.1-17.0.jar;C:\Users\kulad\.m2\repository\org\javassist\javassist\3.24.0-GA\javassist-3.24.0-GA.jar;C:\Users\kulad\.m2\repository\org\xerial\snappy\snappy-java\1.1.10.4\snappy-java-1.1.10.4.jar;C:\Users\kulad\.m2\repository\tools\profiler\async-profiler\2.9\async-profiler-2.9.jar;C:\Users\kulad\.m2\repository\org\lz4\lz4-java\1.8.0\lz4-java-1.8.0.jar;C:\Users\kulad\.m2\repository\org\apache\flink\flink-java\1.19.2\flink-java-1.19.2.jar;C:\Users\kulad\.m2\repository\com\twitter\chill-java\0.7.6\chill-java-0.7.6.jar;C:\Users\kulad\.m2\repository\org\apache\flink\flink-shaded-guava\31.1-jre-17.0\flink-shaded-guava-31.1-jre-17.0.jar;C:\Users\kulad\.m2\repository\org\apache\commons\commons-math3\3.6.1\commons-math3-3.6.1.jar;C:\Users\kulad\.m2\repository\org\apache\flink\flink-connector-datagen\1.19.2\flink-connector-datagen-1.19.2.jar;C:\Users\kulad\.m2\repository\org\slf4j\slf4j-api\1.7.36\slf4j-api-1.7.36.jar;C:\Users\kulad\.m2\repository\com\google\code\findbugs\jsr305\1.3.9\jsr305-1.3.9.jar;C:\Users\kulad\.m2\repository\org\apache\flink\flink-connector-kafka\3.3.0-1.19\flink-connector-kafka-3.3.0-1.19.jar;C:\Users\kulad\.m2\repository\org\apache\kafka\kafka-clients\3.4.0\kafka-clients-3.4.0.jar;C:\Users\kulad\.m2\repository\com\github\luben\zstd-jni\1.5.2-1\zstd-jni-1.5.2-1.jar;C:\Users\kulad\.m2\repository\com\google\guava\guava\32.1.2-jre\guava-32.1.2-jre.jar;C:\Users\kulad\.m2\repository\com\google\guava\failureaccess\1.0.1\failureaccess-1.0.1.jar;C:\Users\kulad\.m2\repository\com\google\guava\listenablefuture\9999.0-empty-to-avoid-conflict-with-guava\listenablefuture-9999.0-empty-to-avoid-conflict-with-guava.jar;C:\Users\kulad\.m2\repository\org\checkerframework\checker-qual\3.33.0\checker-qual-3.33.0.jar;C:\Users\kulad\.m2\repository\com\google\errorprone\error_prone_annotations\2.18.0\error_prone_annotations-2.18.0.jar;C:\Users\kulad\.m2\repository\com\google\j2objc\j2objc-annotations\2.8\j2objc-annotations-2.8.jar;C:\Users\kulad\.m2\repository\com\fasterxml\jackson\core\jackson-core\2.15.2\jackson-core-2.15.2.jar;C:\Users\kulad\.m2\repository\com\fasterxml\jackson\datatype\jackson-datatype-jsr310\2.15.2\jackson-datatype-jsr310-2.15.2.jar;C:\Users\kulad\.m2\repository\com\fasterxml\jackson\datatype\jackson-datatype-jdk8\2.15.2\jackson-datatype-jdk8-2.15.2.jar;C:\Users\kulad\.m2\repository\com\fasterxml\jackson\core\jackson-databind\2.14.2\jackson-databind-2.14.2.jar;C:\Users\kulad\.m2\repository\com\fasterxml\jackson\core\jackson-annotations\2.14.2\jackson-annotations-2.14.2.jar;C:\Users\kulad\.m2\repository\org\apache\flink\flink-connector-files\1.19.2\flink-connector-files-1.19.2.jar;C:\Users\kulad\.m2\repository\org\apache\flink\flink-hadoop-fs\1.19.2\flink-hadoop-fs-1.19.2.jar;C:\Users\kulad\.m2\repository\org\apache\logging\log4j\log4j-slf4j-impl\2.20.0\log4j-slf4j-impl-2.20.0.jar;C:\Users\kulad\.m2\repository\org\apache\logging\log4j\log4j-api\2.20.0\log4j-api-2.20.0.jar;C:\Users\kulad\.m2\repository\org\apache\logging\log4j\log4j-core\2.20.0\log4j-core-2.20.0.jar;C:\Users\kulad\.m2\repository\org\apache\flink\flink-clients\1.19.2\flink-clients-1.19.2.jar;C:\Users\kulad\.m2\repository\org\apache\flink\flink-optimizer\1.19.2\flink-optimizer-1.19.2.jar;C:\Users\kulad\.m2\repository\commons-cli\commons-cli\1.5.0\commons-cli-1.5.0.jar;"/>
    <property name="java.vm.vendor" value="Oracle Corporation"/>
    <property name="sun.arch.data.model" value="64"/>
    <property name="user.variant" value=""/>
    <property name="java.vendor.url" value="https://openjdk.java.net/"/>
    <property name="user.timezone" value="America/New_York"/>
    <property name="mvnd.terminalWidth" value="426"/>
    <property name="java.vm.specification.version" value="11"/>
    <property name="os.name" value="Windows 11"/>
    <property name="sun.java.launcher" value="SUN_STANDARD"/>
    <property name="user.country" value="US"/>
    <property name="sun.boot.library.path" value="C:\Program Files\Java\jdk-11\bin"/>
    <property name="sun.java.command" value="C:\Users\kulad\AppData\Local\Temp\surefire16972619764478225537\surefirebooter17606658827668275277.jar C:\Users\kulad\AppData\Local\Temp\surefire16972619764478225537 2025-06-05T12-11-34_907-jvmRun1 surefire1136666065969290996tmp surefire_01697690632644267692tmp"/>
    <property name="jdk.debug" value="release"/>
    <property name="surefire.test.class.path" value="c:\Users\kulad\Visual Studio Code Projects\flink-kafka-hdfs\target\test-classes;c:\Users\kulad\Visual Studio Code Projects\flink-kafka-hdfs\target\classes;C:\Users\kulad\.m2\repository\junit\junit\4.11\junit-4.11.jar;C:\Users\kulad\.m2\repository\org\hamcrest\hamcrest-core\1.3\hamcrest-core-1.3.jar;C:\Users\kulad\.m2\repository\org\apache\flink\flink-streaming-java\1.19.2\flink-streaming-java-1.19.2.jar;C:\Users\kulad\.m2\repository\org\apache\flink\flink-core\1.19.2\flink-core-1.19.2.jar;C:\Users\kulad\.m2\repository\org\apache\flink\flink-annotations\1.19.2\flink-annotations-1.19.2.jar;C:\Users\kulad\.m2\repository\org\apache\flink\flink-metrics-core\1.19.2\flink-metrics-core-1.19.2.jar;C:\Users\kulad\.m2\repository\org\apache\flink\flink-shaded-asm-9\9.5-17.0\flink-shaded-asm-9-9.5-17.0.jar;C:\Users\kulad\.m2\repository\org\apache\flink\flink-shaded-jackson\2.14.2-17.0\flink-shaded-jackson-2.14.2-17.0.jar;C:\Users\kulad\.m2\repository\org\apache\commons\commons-lang3\3.12.0\commons-lang3-3.12.0.jar;C:\Users\kulad\.m2\repository\org\snakeyaml\snakeyaml-engine\2.6\snakeyaml-engine-2.6.jar;C:\Users\kulad\.m2\repository\org\apache\commons\commons-text\1.10.0\commons-text-1.10.0.jar;C:\Users\kulad\.m2\repository\com\esotericsoftware\kryo\kryo\2.24.0\kryo-2.24.0.jar;C:\Users\kulad\.m2\repository\com\esotericsoftware\minlog\minlog\1.2\minlog-1.2.jar;C:\Users\kulad\.m2\repository\org\objenesis\objenesis\2.1\objenesis-2.1.jar;C:\Users\kulad\.m2\repository\commons-collections\commons-collections\3.2.2\commons-collections-3.2.2.jar;C:\Users\kulad\.m2\repository\org\apache\commons\commons-compress\1.26.0\commons-compress-1.26.0.jar;C:\Users\kulad\.m2\repository\org\apache\flink\flink-file-sink-common\1.19.2\flink-file-sink-common-1.19.2.jar;C:\Users\kulad\.m2\repository\org\apache\flink\flink-runtime\1.19.2\flink-runtime-1.19.2.jar;C:\Users\kulad\.m2\repository\org\apache\flink\flink-rpc-core\1.19.2\flink-rpc-core-1.19.2.jar;C:\Users\kulad\.m2\repository\org\apache\flink\flink-rpc-akka-loader\1.19.2\flink-rpc-akka-loader-1.19.2.jar;C:\Users\kulad\.m2\repository\org\apache\flink\flink-queryable-state-client-java\1.19.2\flink-queryable-state-client-java-1.19.2.jar;C:\Users\kulad\.m2\repository\commons-io\commons-io\2.15.1\commons-io-2.15.1.jar;C:\Users\kulad\.m2\repository\org\apache\flink\flink-shaded-netty\4.1.91.Final-17.0\flink-shaded-netty-4.1.91.Final-17.0.jar;C:\Users\kulad\.m2\repository\org\apache\flink\flink-shaded-zookeeper-3\3.7.1-17.0\flink-shaded-zookeeper-3-3.7.1-17.0.jar;C:\Users\kulad\.m2\repository\org\javassist\javassist\3.24.0-GA\javassist-3.24.0-GA.jar;C:\Users\kulad\.m2\repository\org\xerial\snappy\snappy-java\1.1.10.4\snappy-java-1.1.10.4.jar;C:\Users\kulad\.m2\repository\tools\profiler\async-profiler\2.9\async-profiler-2.9.jar;C:\Users\kulad\.m2\repository\org\lz4\lz4-java\1.8.0\lz4-java-1.8.0.jar;C:\Users\kulad\.m2\repository\org\apache\flink\flink-java\1.19.2\flink-java-1.19.2.jar;C:\Users\kulad\.m2\repository\com\twitter\chill-java\0.7.6\chill-java-0.7.6.jar;C:\Users\kulad\.m2\repository\org\apache\flink\flink-shaded-guava\31.1-jre-17.0\flink-shaded-guava-31.1-jre-17.0.jar;C:\Users\kulad\.m2\repository\org\apache\commons\commons-math3\3.6.1\commons-math3-3.6.1.jar;C:\Users\kulad\.m2\repository\org\apache\flink\flink-connector-datagen\1.19.2\flink-connector-datagen-1.19.2.jar;C:\Users\kulad\.m2\repository\org\slf4j\slf4j-api\1.7.36\slf4j-api-1.7.36.jar;C:\Users\kulad\.m2\repository\com\google\code\findbugs\jsr305\1.3.9\jsr305-1.3.9.jar;C:\Users\kulad\.m2\repository\org\apache\flink\flink-connector-kafka\3.3.0-1.19\flink-connector-kafka-3.3.0-1.19.jar;C:\Users\kulad\.m2\repository\org\apache\kafka\kafka-clients\3.4.0\kafka-clients-3.4.0.jar;C:\Users\kulad\.m2\repository\com\github\luben\zstd-jni\1.5.2-1\zstd-jni-1.5.2-1.jar;C:\Users\kulad\.m2\repository\com\google\guava\guava\32.1.2-jre\guava-32.1.2-jre.jar;C:\Users\kulad\.m2\repository\com\google\guava\failureaccess\1.0.1\failureaccess-1.0.1.jar;C:\Users\kulad\.m2\repository\com\google\guava\listenablefuture\9999.0-empty-to-avoid-conflict-with-guava\listenablefuture-9999.0-empty-to-avoid-conflict-with-guava.jar;C:\Users\kulad\.m2\repository\org\checkerframework\checker-qual\3.33.0\checker-qual-3.33.0.jar;C:\Users\kulad\.m2\repository\com\google\errorprone\error_prone_annotations\2.18.0\error_prone_annotations-2.18.0.jar;C:\Users\kulad\.m2\repository\com\google\j2objc\j2objc-annotations\2.8\j2objc-annotations-2.8.jar;C:\Users\kulad\.m2\repository\com\fasterxml\jackson\core\jackson-core\2.15.2\jackson-core-2.15.2.jar;C:\Users\kulad\.m2\repository\com\fasterxml\jackson\datatype\jackson-datatype-jsr310\2.15.2\jackson-datatype-jsr310-2.15.2.jar;C:\Users\kulad\.m2\repository\com\fasterxml\jackson\datatype\jackson-datatype-jdk8\2.15.2\jackson-datatype-jdk8-2.15.2.jar;C:\Users\kulad\.m2\repository\com\fasterxml\jackson\core\jackson-databind\2.14.2\jackson-databind-2.14.2.jar;C:\Users\kulad\.m2\repository\com\fasterxml\jackson\core\jackson-annotations\2.14.2\jackson-annotations-2.14.2.jar;C:\Users\kulad\.m2\repository\org\apache\flink\flink-connector-files\1.19.2\flink-connector-files-1.19.2.jar;C:\Users\kulad\.m2\repository\org\apache\flink\flink-hadoop-fs\1.19.2\flink-hadoop-fs-1.19.2.jar;C:\Users\kulad\.m2\repository\org\apache\logging\log4j\log4j-slf4j-impl\2.20.0\log4j-slf4j-impl-2.20.0.jar;C:\Users\kulad\.m2\repository\org\apache\logging\log4j\log4j-api\2.20.0\log4j-api-2.20.0.jar;C:\Users\kulad\.m2\repository\org\apache\logging\log4j\log4j-core\2.20.0\log4j-core-2.20.0.jar;C:\Users\kulad\.m2\repository\org\apache\flink\flink-clients\1.19.2\flink-clients-1.19.2.jar;C:\Users\kulad\.m2\repository\org\apache\flink\flink-optimizer\1.19.2\flink-optimizer-1.19.2.jar;C:\Users\kulad\.m2\repository\commons-cli\commons-cli\1.5.0\commons-cli-1.5.0.jar;"/>
    <property name="sun.cpu.endian" value="little"/>
    <property name="user.home" value="C:\Users\kulad"/>
    <property name="user.language" value="en"/>
    <property name="java.specification.vendor" value="Oracle Corporation"/>
    <property name="java.version.date" value="2024-07-16"/>
    <property name="java.home" value="C:\Program Files\Java\jdk-11"/>
    <property name="file.separator" value="\"/>
    <property name="style.color" value="always"/>
    <property name="basedir" value="c:\Users\kulad\Visual Studio Code Projects\flink-kafka-hdfs"/>
    <property name="java.vm.compressedOopsMode" value="Zero based"/>
    <property name="line.separator" value="&#10;"/>
    <property name="java.specification.name" value="Java Platform API Specification"/>
    <property name="java.vm.specification.vendor" value="Oracle Corporation"/>
    <property name="java.awt.graphicsenv" value="sun.awt.Win32GraphicsEnvironment"/>
    <property name="surefire.real.class.path" value="C:\Users\kulad\AppData\Local\Temp\surefire16972619764478225537\surefirebooter17606658827668275277.jar"/>
    <property name="user.script" value=""/>
    <property name="sun.management.compiler" value="HotSpot 64-Bit Tiered Compilers"/>
    <property name="java.runtime.version" value="11.0.24+7-LTS-271"/>
    <property name="user.name" value="kulad"/>
    <property name="path.separator" value=";"/>
    <property name="os.version" value="10.0"/>
    <property name="java.runtime.name" value="Java(TM) SE Runtime Environment"/>
    <property name="file.encoding" value="Cp1252"/>
    <property name="java.vm.name" value="Java HotSpot(TM) 64-Bit Server VM"/>
    <property name="java.vendor.version" value="18.9"/>
    <property name="localRepository" value="C:\Users\kulad\.m2\repository"/>
    <property name="java.vendor.url.bug" value="https://bugreport.java.com/bugreport/"/>
    <property name="java.io.tmpdir" value="C:\Users\kulad\AppData\Local\Temp\"/>
    <property name="java.version" value="11.0.24"/>
    <property name="user.dir" value="c:\Users\kulad\Visual Studio Code Projects\flink-kafka-hdfs"/>
    <property name="os.arch" value="amd64"/>
    <property name="maven.multiModuleProjectDirectory" value="c:\Users\kulad\Visual Studio Code Projects\flink-kafka-hdfs"/>
    <property name="java.vm.specification.name" value="Java Virtual Machine Specification"/>
    <property name="java.awt.printerjob" value="sun.awt.windows.WPrinterJob"/>
    <property name="sun.os.patch.level" value=""/>
    <property name="java.library.path" value="C:\Program Files\Java\jdk-11\bin;C:\WINDOWS\Sun\Java\bin;C:\WINDOWS\system32;C:\WINDOWS;C:\Program Files\PowerShell\7;C:\Program Files\Common Files\Oracle\Java\javapath;C:\Program Files (x86)\Microsoft SDKs\Azure\CLI2\wbin;C:\WINDOWS\system32;C:\WINDOWS;C:\WINDOWS\System32\Wbem;C:\WINDOWS\System32\WindowsPowerShell\v1.0\;C:\WINDOWS\System32\OpenSSH\;C:\Program Files\Intel\WiFi\bin\;C:\Program Files\Common Files\Intel\WirelessCommon\;C:\Program Files\dotnet\;C:\Program Files\Microsoft SQL Server\130\Tools\Binn\;C:\Program Files\Microsoft SQL Server\Client SDK\ODBC\170\Tools\Binn\;C:\Program Files\Java\jdk-11\bin;C:\spark\bin;C:\Python27;%HADOOP_HOME%\bin;C:\Program Files (x86)\dotnet\;C:\Program Files\Git LFS;C:\Program Files\Git\cmd;C:\Program Files\HP\HP One Agent;C:\Program Files\PowerShell\7\;C:\WINDOWS\system32;C:\WINDOWS;C:\WINDOWS\System32\Wbem;C:\WINDOWS\System32\WindowsPowerShell\v1.0\;C:\WINDOWS\System32\OpenSSH\;C:\Program Files\PuTTY\;C:\Program Files\Apache\maven\maven-mvnd-1.0.2-windows-amd64\maven-mvnd-1.0.2-windows-amd64\bin;C:\Users\kulad\AppData\Local\Programs\Python\Python310\Scripts\;C:\Users\kulad\AppData\Local\Programs\Python\Python310\;C:\Users\kulad\AppData\Local\Microsoft\WindowsApps;C:\Users\kulad\AppData\Local\Programs\Microsoft VS Code\bin;C:\Program Files\JetBrains\PyCharm Community Edition 2023.3.2\bin;;;."/>
    <property name="java.vendor" value="Oracle Corporation"/>
    <property name="java.vm.info" value="mixed mode"/>
    <property name="java.vm.version" value="11.0.24+7-LTS-271"/>
    <property name="java.specification.maintenance.version" value="2"/>
    <property name="sun.io.unicode.encoding" value="UnicodeLittle"/>
    <property name="java.class.version" value="55.0"/>
  </properties>
  <testcase name="shouldAnswerWithTrue" classname="com.bofa.hat.AppTest" time="0.002"/>
</testsuite>